<?xml version="1.0" encoding="UTF-8"?>
<!-- Generated by org.testng.reporters.JUnitReportReporter -->
<testsuite hostname="LAPTOP-91SQEO24" failures="0" tests="4" name="TestNG.TestNG1" time="0.040" errors="0" timestamp="2023-02-17T14:36:04 IST" skipped="1">
  <testcase classname="TestNG.TestNG1" name="test1" time="0.017"/>
  <system-out/>
  <testcase classname="TestNG.TestNG1" name="test2" time="0.006"/>
  <system-out/>
  <testcase classname="TestNG.TestNG1" name="test3" time="0.017"/>
  <system-out/>
  <testcase classname="TestNG.TestNG1" name="test4">
    <skipped/>
  </testcase> <!-- test4 -->
  <system-out/>
</testsuite> <!-- TestNG.TestNG1 -->
