<?xml version="1.0" encoding="UTF-8"?>
<!-- Generated by org.testng.reporters.JUnitReportReporter -->
<testsuite hostname="LAPTOP-91SQEO24" failures="0" tests="1" name="TestNG.TestNGClass2" time="4.821" errors="0" timestamp="2023-02-15T11:48:29 IST" skipped="0">
  <testcase classname="TestNG.TestNGClass2" name="verifyEmailOrPassword" time="4.821"/>
  <system-out/>
</testsuite> <!-- TestNG.TestNGClass2 -->
