<?xml version="1.0" encoding="UTF-8"?>
<!-- Generated by org.testng.reporters.JUnitReportReporter -->
<testsuite hostname="LAPTOP-91SQEO24" failures="0" tests="4" name="TestNGCrossBrowser.TestClass2" time="0.000" errors="0" timestamp="2023-02-14T12:11:57 IST" skipped="4">
  <testcase classname="TestNGCrossBrowser.TestClass2" name="testMethod10" time="0.000">
    <skipped/>
  </testcase> <!-- testMethod10 -->
  <system-out/>
  <testcase classname="TestNGCrossBrowser.TestClass2" name="testMethod12" time="0.000">
    <skipped/>
  </testcase> <!-- testMethod12 -->
  <system-out/>
  <testcase classname="TestNGCrossBrowser.TestClass2" name="testMethod9" time="0.000">
    <skipped/>
  </testcase> <!-- testMethod9 -->
  <system-out/>
  <testcase classname="TestNGCrossBrowser.TestClass2" name="testMethod11" time="0.000">
    <skipped/>
  </testcase> <!-- testMethod11 -->
  <system-out/>
</testsuite> <!-- TestNGCrossBrowser.TestClass2 -->
