<?xml version="1.0" encoding="UTF-8"?>
<!-- Generated by org.testng.reporters.JUnitReportReporter -->
<testsuite hostname="LAPTOP-91SQEO24" failures="0" tests="3" name="TestingNGCrossBrowser.TestClass2" time="8.330" errors="0" timestamp="2023-02-21T14:12:23 IST" skipped="0">
  <testcase classname="TestingNGCrossBrowser.TestClass2" name="verifyCookiesPolicies" time="2.532"/>
  <system-out/>
  <testcase classname="TestingNGCrossBrowser.TestClass2" name="verifyPrivacyPolicies" time="3.725"/>
  <system-out/>
  <testcase classname="TestingNGCrossBrowser.TestClass2" name="verifyTesrmLink" time="2.073"/>
  <system-out/>
</testsuite> <!-- TestingNGCrossBrowser.TestClass2 -->
