<?xml version="1.0" encoding="UTF-8"?>
<!-- Generated by org.testng.reporters.JUnitReportReporter -->
<testsuite hostname="LAPTOP-91SQEO24" failures="0" tests="4" name="TestNGCrossBrowser.TestClass1" time="0.000" errors="0" timestamp="2023-02-14T12:11:58 IST" skipped="4">
  <testcase classname="TestNGCrossBrowser.TestClass1" name="testMethod6" time="0.000">
    <skipped/>
  </testcase> <!-- testMethod6 -->
  <system-out/>
  <testcase classname="TestNGCrossBrowser.TestClass1" name="testMethod7" time="0.000">
    <skipped/>
  </testcase> <!-- testMethod7 -->
  <system-out/>
  <testcase classname="TestNGCrossBrowser.TestClass1" name="testMethod8" time="0.000">
    <skipped/>
  </testcase> <!-- testMethod8 -->
  <system-out/>
  <testcase classname="TestNGCrossBrowser.TestClass1" name="testMethod5" time="0.000">
    <skipped/>
  </testcase> <!-- testMethod5 -->
  <system-out/>
</testsuite> <!-- TestNGCrossBrowser.TestClass1 -->
