<?xml version="1.0" encoding="UTF-8"?>
<!-- Generated by org.testng.reporters.JUnitReportReporter -->
<testsuite hostname="LAPTOP-91SQEO24" failures="0" tests="7" name="TestNG.Priority" time="0.048" errors="0" timestamp="2023-02-17T13:24:54 IST" skipped="0">
  <testcase classname="TestNG.Priority" name="test2" time="0.007"/>
  <system-out/>
  <testcase classname="TestNG.Priority" name="test2" time="0.005"/>
  <system-out/>
  <testcase classname="TestNG.Priority" name="test5" time="0.007"/>
  <system-out/>
  <testcase classname="TestNG.Priority" name="test2" time="0.015"/>
  <system-out/>
  <testcase classname="TestNG.Priority" name="test4" time="0.004"/>
  <system-out/>
  <testcase classname="TestNG.Priority" name="test1" time="0.003"/>
  <system-out/>
  <testcase classname="TestNG.Priority" name="test3" time="0.007"/>
  <system-out/>
</testsuite> <!-- TestNG.Priority -->
