<?xml version="1.0" encoding="UTF-8"?>
<!-- Generated by org.testng.reporters.JUnitReportReporter -->
<testsuite hostname="LAPTOP-91SQEO24" failures="0" tests="1" name="TestNG.TestNGClassInstagram" time="1.526" errors="0" timestamp="2023-02-15T11:23:09 IST" skipped="0">
  <testcase classname="TestNG.TestNGClassInstagram" name="verifyEmailOrPssword" time="1.526"/>
  <system-out/>
</testsuite> <!-- TestNG.TestNGClassInstagram -->
