<?xml version="1.0" encoding="UTF-8"?>
<!-- Generated by org.testng.reporters.JUnitReportReporter -->
<testsuite hostname="LAPTOP-91SQEO24" failures="0" tests="9" name="TestingNGCrossBrowser.TestClass1" time="54.280" errors="0" timestamp="2023-02-23T17:26:37 IST" skipped="0">
  <testcase classname="TestingNGCrossBrowser.TestClass1" name="verifyPrivacyPolicies" time="6.515"/>
  <system-out/>
  <testcase classname="TestingNGCrossBrowser.TestClass1" name="verifyTesrmLink" time="5.967"/>
  <system-out/>
  <testcase classname="TestingNGCrossBrowser.TestClass1" name="verifyPrivacyPolicies" time="7.092"/>
  <system-out/>
  <testcase classname="TestingNGCrossBrowser.TestClass1" name="verifyTesrmLink" time="3.150"/>
  <system-out/>
  <testcase classname="TestingNGCrossBrowser.TestClass1" name="verifyPrivacyPolicies" time="6.544"/>
  <system-out/>
  <testcase classname="TestingNGCrossBrowser.TestClass1" name="verifyCookiesPolicies" time="8.925"/>
  <system-out/>
  <testcase classname="TestingNGCrossBrowser.TestClass1" name="verifyCookiesPolicies" time="3.963"/>
  <system-out/>
  <testcase classname="TestingNGCrossBrowser.TestClass1" name="verifyCookiesPolicies" time="7.526"/>
  <system-out/>
  <testcase classname="TestingNGCrossBrowser.TestClass1" name="verifyTesrmLink" time="4.598"/>
  <system-out/>
</testsuite> <!-- TestingNGCrossBrowser.TestClass1 -->
