<?xml version="1.0" encoding="UTF-8"?>
<!-- Generated by org.testng.reporters.JUnitReportReporter -->
<testsuite hostname="LAPTOP-91SQEO24" failures="0" tests="3" name="TestNG.TestNGClass" time="5.356" errors="0" timestamp="2023-02-15T11:53:35 IST" skipped="0">
  <testcase classname="TestNG.TestNGClass" name="verifyPrivacyPolicies" time="2.192"/>
  <system-out/>
  <testcase classname="TestNG.TestNGClass" name="verifyCookiesPolicies" time="1.701"/>
  <system-out/>
  <testcase classname="TestNG.TestNGClass" name="verifyTesrmLink" time="1.463"/>
  <system-out/>
</testsuite> <!-- TestNG.TestNGClass -->
